# vsim -logfile sim.log -c -do "run -all" work.UART_TX_TB 
# Start time: 19:24:29 on Aug 11,2024
# ** Note: (vsim-3812) Design is being optimized...
# //  Questa Sim-64
# //  Version 10.7c win64 Aug 18 2018
# //
# //  Copyright 1991-2018 Mentor Graphics Corporation
# //  All Rights Reserved.
# //
# //  QuestaSim and its associated documentation contain trade
# //  secrets and commercial or financial information that are the property of
# //  Mentor Graphics Corporation and are privileged, confidential,
# //  and exempt from disclosure under the Freedom of Information Act,
# //  5 U.S.C. Section 552. Furthermore, this information
# //  is prohibited from disclosure under the Trade Secrets Act,
# //  18 U.S.C. Section 1905.
# //
# Loading sv_std.std
# Loading work.UART_TX_TB(fast)
# run -all
# ** Note: $stop    : UART_TX_TB.sv(44)
#    Time: 2040 ns  Iteration: 0  Instance: /UART_TX_TB
# Break at UART_TX_TB.sv line 44
